<?xml version="1.0" encoding="UTF-8"?>
<testsuite xmlns:xsi="http://www.w3.org/2001/XMLSchema-instance" xsi:noNamespaceSchemaLocation="https://maven.apache.org/surefire/maven-surefire-plugin/xsd/surefire-test-report.xsd" name="TestSuite" time="5.842" tests="4" errors="0" skipped="0" failures="3">
  <properties>
[...]
</properties>
  <testcase name="testStatus" classname="hello.IntegrationTests" time="1.213">
    <failure message="Connection refused (Connection refused)" type="java.net.ConnectException">java.net.ConnectException: Connection refused (Connection refused)
	at hello.IntegrationTests.testStatus(IntegrationTests.java:19)
</failure>
    <system-out><![CDATA[09:23:52.791 [main] DEBUG org.apache.http.impl.conn.BasicClientConnectionManager - Get connection for route {}->http://localhost:8090
09:23:52.808 [main] DEBUG org.apache.http.impl.conn.DefaultClientConnectionOperator - Connecting to localhost:8090
09:23:52.811 [main] DEBUG org.apache.http.impl.conn.DefaultClientConnectionOperator - Connect to localhost:8090 timed out. Connection will be retried using another IP address
09:23:52.811 [main] DEBUG org.apache.http.impl.conn.DefaultClientConnectionOperator - Connecting to localhost:8090
09:23:52.812 [main] DEBUG org.apache.http.impl.conn.DefaultClientConnection - Connection org.apache.http.impl.conn.DefaultClientConnection@3d2ee678 closed
09:23:52.812 [main] DEBUG org.apache.http.impl.conn.DefaultClientConnection - Connection org.apache.http.impl.conn.DefaultClientConnection@3d2ee678 shut down
09:23:52.812 [main] DEBUG org.apache.http.impl.conn.BasicClientConnectionManager - Releasing connection org.apache.http.impl.conn.ManagedClientConnectionImpl@6179e425
]]></system-out>
  </testcase>
  <testcase name="testCustomer" classname="hello.CustomerTests" time="0"/>
  <testcase name="noParamGreetingShouldReturnDefaultMessage on noParamGreetingShouldReturnDefaultMessage(hello.GreetingControllerTests)" classname="hello.GreetingControllerTests" time="0.14">
    <failure message="Status expected:&lt;200&gt; but was:&lt;404&gt;" type="java.lang.AssertionError"><![CDATA[java.lang.AssertionError: Status expected:<200> but was:<404>
	at hello.GreetingControllerTests.noParamGreetingShouldReturnDefaultMessage(GreetingControllerTests.java:42)
]]></failure>
    <system-out><![CDATA[09:23:52.971 [main] DEBUG org.springframework.test.context.junit4.SpringJUnit4ClassRunner - SpringJUnit4ClassRunner constructor called with [class hello.GreetingControllerTests]
09:23:52.973 [main] DEBUG org.springframework.test.context.BootstrapUtils - Instantiating CacheAwareContextLoaderDelegate from class [org.springframework.test.context.cache.DefaultCacheAwareContextLoaderDelegate]
09:23:52.983 [main] DEBUG org.springframework.test.context.BootstrapUtils - Instantiating BootstrapContext using constructor [public org.springframework.test.context.support.DefaultBootstrapContext(java.lang.Class,org.springframework.test.context.CacheAwareContextLoaderDelegate)]
09:23:53.008 [main] DEBUG org.springframework.test.context.BootstrapUtils - Instantiating TestContextBootstrapper for test class [hello.GreetingControllerTests] from class [org.springframework.boot.test.context.SpringBootTestContextBootstrapper]
09:23:53.025 [main] INFO org.springframework.boot.test.context.SpringBootTestContextBootstrapper - Neither @ContextConfiguration nor @ContextHierarchy found for test class [hello.GreetingControllerTests], using SpringBootContextLoader
09:23:53.088 [main] DEBUG org.springframework.test.context.support.AbstractContextLoader - Did not detect default resource location for test class [hello.GreetingControllerTests]: class path resource [hello/GreetingControllerTests-context.xml] does not exist
09:23:53.089 [main] DEBUG org.springframework.test.context.support.AbstractContextLoader - Did not detect default resource location for test class [hello.GreetingControllerTests]: class path resource [hello/GreetingControllerTestsContext.groovy] does not exist
09:23:53.089 [main] INFO org.springframework.test.context.support.AbstractContextLoader - Could not detect default resource locations for test class [hello.GreetingControllerTests]: no resource found for suffixes {-context.xml, Context.groovy}.
09:23:53.090 [main] INFO org.springframework.test.context.support.AnnotationConfigContextLoaderUtils - Could not detect default configuration classes for test class [hello.GreetingControllerTests]: GreetingControllerTests does not declare any static, non-private, non-final, nested classes annotated with @Configuration.
09:23:53.136 [main] DEBUG org.springframework.test.context.support.ActiveProfilesUtils - Could not find an 'annotation declaring class' for annotation type [org.springframework.test.context.ActiveProfiles] and class [hello.GreetingControllerTests]
09:23:53.146 [main] DEBUG org.springframework.core.env.StandardEnvironment - Adding PropertySource 'systemProperties' with lowest search precedence
09:23:53.146 [main] DEBUG org.springframework.core.env.StandardEnvironment - Adding PropertySource 'systemEnvironment' with lowest search precedence
09:23:53.147 [main] DEBUG org.springframework.core.env.StandardEnvironment - Initialized StandardEnvironment with PropertySources [MapPropertySource@1527254842 {name='systemProperties', properties={java.runtime.name=Java(TM) SE Runtime Environment, sun.boot.library.path=/Library/Java/JavaVirtualMachines/jdk1.8.0_191.jdk/Contents/Home/jre/lib, java.vm.version=25.191-b12, gopherProxySet=false, java.vm.vendor=Oracle Corporation, java.vendor.url=http://java.oracle.com/, path.separator=:, java.vm.name=Java HotSpot(TM) 64-Bit Server VM, file.encoding.pkg=sun.io, user.country=GB, sun.java.launcher=SUN_STANDARD, sun.os.patch.level=unknown, java.vm.specification.name=Java Virtual Machine Specification, user.dir=/Users/pnrm/capcodigitalengineering, java.runtime.version=1.8.0_191-b12, basedir=/Users/pnrm/capcodigitalengineering, java.awt.graphicsenv=sun.awt.CGraphicsEnvironment, java.endorsed.dirs=/Library/Java/JavaVirtualMachines/jdk1.8.0_191.jdk/Contents/Home/jre/lib/endorsed, os.arch=x86_64, surefire.real.class.path=/Users/pnrm/capcodigitalengineering/target/surefire/surefirebooter2267501658502004327.jar, java.io.tmpdir=/var/folders/r7/swgcz_x57zvfv5_61cg2577n0z7jxl/T/, line.separator=
, java.vm.specification.vendor=Oracle Corporation, os.name=Mac OS X, sun.jnu.encoding=UTF-8, java.library.path=/Users/pnrm/Library/Java/Extensions:/Library/Java/Extensions:/Network/Library/Java/Extensions:/System/Library/Java/Extensions:/usr/lib/java:., surefire.test.class.path=/Users/pnrm/capcodigitalengineering/target/test-classes:/Users/pnrm/capcodigitalengineering/target/classes:/Users/pnrm/.m2/repository/org/springframework/boot/spring-boot-starter-web/2.0.5.RELEASE/spring-boot-starter-web-2.0.5.RELEASE.jar:/Users/pnrm/.m2/repository/org/springframework/boot/spring-boot-starter/2.0.5.RELEASE/spring-boot-starter-2.0.5.RELEASE.jar:/Users/pnrm/.m2/repository/org/springframework/boot/spring-boot/2.0.5.RELEASE/spring-boot-2.0.5.RELEASE.jar:/Users/pnrm/.m2/repository/org/springframework/boot/spring-boot-autoconfigure/2.0.5.RELEASE/spring-boot-autoconfigure-2.0.5.RELEASE.jar:/Users/pnrm/.m2/repository/org/springframework/boot/spring-boot-starter-logging/2.0.5.RELEASE/spring-boot-starter-logging-2.0.5.RELEASE.jar:/Users/pnrm/.m2/repository/ch/qos/logback/logback-classic/1.2.3/logback-classic-1.2.3.jar:/Users/pnrm/.m2/repository/ch/qos/logback/logback-core/1.2.3/logback-core-1.2.3.jar:/Users/pnrm/.m2/repository/org/apache/logging/log4j/log4j-to-slf4j/2.10.0/log4j-to-slf4j-2.10.0.jar:/Users/pnrm/.m2/repository/org/apache/logging/log4j/log4j-api/2.10.0/log4j-api-2.10.0.jar:/Users/pnrm/.m2/repository/org/slf4j/jul-to-slf4j/1.7.25/jul-to-slf4j-1.7.25.jar:/Users/pnrm/.m2/repository/javax/annotation/javax.annotation-api/1.3.2/javax.annotation-api-1.3.2.jar:/Users/pnrm/.m2/repository/org/springframework/boot/spring-boot-starter-json/2.0.5.RELEASE/spring-boot-starter-json-2.0.5.RELEASE.jar:/Users/pnrm/.m2/repository/com/fasterxml/jackson/core/jackson-databind/2.9.6/jackson-databind-2.9.6.jar:/Users/pnrm/.m2/repository/com/fasterxml/jackson/core/jackson-core/2.9.6/jackson-core-2.9.6.jar:/Users/pnrm/.m2/repository/com/fasterxml/jackson/datatype/jackson-datatype-jdk8/2.9.6/jackson-datatype-jdk8-2.9.6.jar:/Users/pnrm/.m2/repository/com/fasterxml/jackson/datatype/jackson-datatype-jsr310/2.9.6/jackson-datatype-jsr310-2.9.6.jar:/Users/pnrm/.m2/repository/com/fasterxml/jackson/module/jackson-module-parameter-names/2.9.6/jackson-module-parameter-names-2.9.6.jar:/Users/pnrm/.m2/repository/org/springframework/boot/spring-boot-starter-tomcat/2.0.5.RELEASE/spring-boot-starter-tomcat-2.0.5.RELEASE.jar:/Users/pnrm/.m2/repository/org/apache/tomcat/embed/tomcat-embed-core/8.5.34/tomcat-embed-core-8.5.34.jar:/Users/pnrm/.m2/repository/org/apache/tomcat/embed/tomcat-embed-el/8.5.34/tomcat-embed-el-8.5.34.jar:/Users/pnrm/.m2/repository/org/apache/tomcat/embed/tomcat-embed-websocket/8.5.34/tomcat-embed-websocket-8.5.34.jar:/Users/pnrm/.m2/repository/org/hibernate/validator/hibernate-validator/6.0.12.Final/hibernate-validator-6.0.12.Final.jar:/Users/pnrm/.m2/repository/javax/validation/validation-api/2.0.1.Final/validation-api-2.0.1.Final.jar:/Users/pnrm/.m2/repository/org/jboss/logging/jboss-logging/3.3.2.Final/jboss-logging-3.3.2.Final.jar:/Users/pnrm/.m2/repository/org/springframework/spring-web/5.0.9.RELEASE/spring-web-5.0.9.RELEASE.jar:/Users/pnrm/.m2/repository/org/springframework/spring-webmvc/5.0.9.RELEASE/spring-webmvc-5.0.9.RELEASE.jar:/Users/pnrm/.m2/repository/org/springframework/spring-aop/5.0.9.RELEASE/spring-aop-5.0.9.RELEASE.jar:/Users/pnrm/.m2/repository/org/springframework/boot/spring-boot-starter-test/2.0.5.RELEASE/spring-boot-starter-test-2.0.5.RELEASE.jar:/Users/pnrm/.m2/repository/org/springframework/boot/spring-boot-test/2.0.5.RELEASE/spring-boot-test-2.0.5.RELEASE.jar:/Users/pnrm/.m2/repository/org/springframework/boot/spring-boot-test-autoconfigure/2.0.5.RELEASE/spring-boot-test-autoconfigure-2.0.5.RELEASE.jar:/Users/pnrm/.m2/repository/junit/junit/4.12/junit-4.12.jar:/Users/pnrm/.m2/repository/org/assertj/assertj-core/3.9.1/assertj-core-3.9.1.jar:/Users/pnrm/.m2/repository/org/mockito/mockito-core/2.15.0/mockito-core-2.15.0.jar:/Users/pnrm/.m2/repository/net/bytebuddy/byte-buddy/1.7.11/byte-buddy-1.7.11.jar:/Users/pnrm/.m2/repository/net/bytebuddy/byte-buddy-agent/1.7.11/byte-buddy-agent-1.7.11.jar:/Users/pnrm/.m2/repository/org/objenesis/objenesis/2.6/objenesis-2.6.jar:/Users/pnrm/.m2/repository/org/hamcrest/hamcrest-core/1.3/hamcrest-core-1.3.jar:/Users/pnrm/.m2/repository/org/hamcrest/hamcrest-library/1.3/hamcrest-library-1.3.jar:/Users/pnrm/.m2/repository/org/skyscreamer/jsonassert/1.5.0/jsonassert-1.5.0.jar:/Users/pnrm/.m2/repository/com/vaadin/external/google/android-json/0.0.20131108.vaadin1/android-json-0.0.20131108.vaadin1.jar:/Users/pnrm/.m2/repository/org/springframework/spring-core/5.0.9.RELEASE/spring-core-5.0.9.RELEASE.jar:/Users/pnrm/.m2/repository/org/springframework/spring-jcl/5.0.9.RELEASE/spring-jcl-5.0.9.RELEASE.jar:/Users/pnrm/.m2/repository/org/springframework/spring-test/5.0.9.RELEASE/spring-test-5.0.9.RELEASE.jar:/Users/pnrm/.m2/repository/org/xmlunit/xmlunit-core/2.5.1/xmlunit-core-2.5.1.jar:/Users/pnrm/.m2/repository/com/jayway/jsonpath/json-path/2.4.0/json-path-2.4.0.jar:/Users/pnrm/.m2/repository/net/minidev/json-smart/2.3/json-smart-2.3.jar:/Users/pnrm/.m2/repository/net/minidev/accessors-smart/1.2/accessors-smart-1.2.jar:/Users/pnrm/.m2/repository/org/ow2/asm/asm/5.0.4/asm-5.0.4.jar:/Users/pnrm/.m2/repository/org/slf4j/slf4j-api/1.7.25/slf4j-api-1.7.25.jar:/Users/pnrm/.m2/repository/io/springfox/springfox-swagger2/2.9.2/springfox-swagger2-2.9.2.jar:/Users/pnrm/.m2/repository/io/swagger/swagger-annotations/1.5.20/swagger-annotations-1.5.20.jar:/Users/pnrm/.m2/repository/io/swagger/swagger-models/1.5.20/swagger-models-1.5.20.jar:/Users/pnrm/.m2/repository/com/fasterxml/jackson/core/jackson-annotations/2.9.0/jackson-annotations-2.9.0.jar:/Users/pnrm/.m2/repository/io/springfox/springfox-spi/2.9.2/springfox-spi-2.9.2.jar:/Users/pnrm/.m2/repository/io/springfox/springfox-core/2.9.2/springfox-core-2.9.2.jar:/Users/pnrm/.m2/repository/io/springfox/springfox-schema/2.9.2/springfox-schema-2.9.2.jar:/Users/pnrm/.m2/repository/io/springfox/springfox-swagger-common/2.9.2/springfox-swagger-common-2.9.2.jar:/Users/pnrm/.m2/repository/io/springfox/springfox-spring-web/2.9.2/springfox-spring-web-2.9.2.jar:/Users/pnrm/.m2/repository/com/google/guava/guava/20.0/guava-20.0.jar:/Users/pnrm/.m2/repository/com/fasterxml/classmate/1.3.4/classmate-1.3.4.jar:/Users/pnrm/.m2/repository/org/springframework/plugin/spring-plugin-core/1.2.0.RELEASE/spring-plugin-core-1.2.0.RELEASE.jar:/Users/pnrm/.m2/repository/org/springframework/plugin/spring-plugin-metadata/1.2.0.RELEASE/spring-plugin-metadata-1.2.0.RELEASE.jar:/Users/pnrm/.m2/repository/org/mapstruct/mapstruct/1.2.0.Final/mapstruct-1.2.0.Final.jar:/Users/pnrm/.m2/repository/io/springfox/springfox-swagger-ui/2.9.2/springfox-swagger-ui-2.9.2.jar:/Users/pnrm/.m2/repository/org/springframework/data/spring-data-mongodb/2.0.10.RELEASE/spring-data-mongodb-2.0.10.RELEASE.jar:/Users/pnrm/.m2/repository/org/springframework/spring-tx/5.0.9.RELEASE/spring-tx-5.0.9.RELEASE.jar:/Users/pnrm/.m2/repository/org/springframework/spring-context/5.0.9.RELEASE/spring-context-5.0.9.RELEASE.jar:/Users/pnrm/.m2/repository/org/springframework/spring-beans/5.0.9.RELEASE/spring-beans-5.0.9.RELEASE.jar:/Users/pnrm/.m2/repository/org/springframework/spring-expression/5.0.9.RELEASE/spring-expression-5.0.9.RELEASE.jar:/Users/pnrm/.m2/repository/org/springframework/data/spring-data-commons/2.0.10.RELEASE/spring-data-commons-2.0.10.RELEASE.jar:/Users/pnrm/.m2/repository/org/mongodb/mongo-java-driver/3.6.4/mongo-java-driver-3.6.4.jar:/Users/pnrm/.m2/repository/org/testng/testng/6.8.5/testng-6.8.5.jar:/Users/pnrm/.m2/repository/org/beanshell/bsh/2.0b4/bsh-2.0b4.jar:/Users/pnrm/.m2/repository/com/beust/jcommander/1.27/jcommander-1.27.jar:/Users/pnrm/.m2/repository/org/yaml/snakeyaml/1.19/snakeyaml-1.19.jar:/Users/pnrm/.m2/repository/com/google/code/gson/gson/2.8.5/gson-2.8.5.jar:/Users/pnrm/.m2/repository/com/jayway/restassured/rest-assured/2.9.0/rest-assured-2.9.0.jar:/Users/pnrm/.m2/repository/org/codehaus/groovy/groovy/2.4.15/groovy-2.4.15.jar:/Users/pnrm/.m2/repository/org/codehaus/groovy/groovy-xml/2.4.15/groovy-xml-2.4.15.jar:/Users/pnrm/.m2/repository/org/apache/httpcomponents/httpclient/4.5.6/httpclient-4.5.6.jar:/Users/pnrm/.m2/repository/org/apache/httpcomponents/httpcore/4.4.10/httpcore-4.4.10.jar:/Users/pnrm/.m2/repository/commons-codec/commons-codec/1.11/commons-codec-1.11.jar:/Users/pnrm/.m2/repository/org/apache/httpcomponents/httpmime/4.5.6/httpmime-4.5.6.jar:/Users/pnrm/.m2/repository/org/ccil/cowan/tagsoup/tagsoup/1.2.1/tagsoup-1.2.1.jar:/Users/pnrm/.m2/repository/com/jayway/restassured/json-path/2.9.0/json-path-2.9.0.jar:/Users/pnrm/.m2/repository/org/codehaus/groovy/groovy-json/2.4.15/groovy-json-2.4.15.jar:/Users/pnrm/.m2/repository/com/jayway/restassured/rest-assured-common/2.9.0/rest-assured-common-2.9.0.jar:/Users/pnrm/.m2/repository/com/jayway/restassured/xml-path/2.9.0/xml-path-2.9.0.jar:/Users/pnrm/.m2/repository/org/apache/commons/commons-lang3/3.7/commons-lang3-3.7.jar:/Users/pnrm/.m2/repository/org/apache/maven/surefire/surefire-testng-utils/2.21.0/surefire-testng-utils-2.21.0.jar:/Users/pnrm/.m2/repository/org/apache/maven/surefire/surefire-grouper/2.21.0/surefire-grouper-2.21.0.jar:, java.specification.name=Java Platform API Specification, java.class.version=52.0, sun.management.compiler=HotSpot 64-Bit Tiered Compilers, os.version=10.13.4, http.nonProxyHosts=local|*.local|169.254/16|*.169.254/16, user.home=/Users/pnrm, user.timezone=Europe/London, java.awt.printerjob=sun.lwawt.macosx.CPrinterJob, file.encoding=UTF-8, java.specification.version=1.8, java.class.path=/Users/pnrm/capcodigitalengineering/target/test-classes:/Users/pnrm/capcodigitalengineering/target/classes:/Users/pnrm/.m2/repository/org/springframework/boot/spring-boot-starter-web/2.0.5.RELEASE/spring-boot-starter-web-2.0.5.RELEASE.jar:/Users/pnrm/.m2/repository/org/springframework/boot/spring-boot-starter/2.0.5.RELEASE/spring-boot-starter-2.0.5.RELEASE.jar:/Users/pnrm/.m2/repository/org/springframework/boot/spring-boot/2.0.5.RELEASE/spring-boot-2.0.5.RELEASE.jar:/Users/pnrm/.m2/repository/org/springframework/boot/spring-boot-autoconfigure/2.0.5.RELEASE/spring-boot-autoconfigure-2.0.5.RELEASE.jar:/Users/pnrm/.m2/repository/org/springframework/boot/spring-boot-starter-logging/2.0.5.RELEASE/spring-boot-starter-logging-2.0.5.RELEASE.jar:/Users/pnrm/.m2/repository/ch/qos/logback/logback-classic/1.2.3/logback-classic-1.2.3.jar:/Users/pnrm/.m2/repository/ch/qos/logback/logback-core/1.2.3/logback-core-1.2.3.jar:/Users/pnrm/.m2/repository/org/apache/logging/log4j/log4j-to-slf4j/2.10.0/log4j-to-slf4j-2.10.0.jar:/Users/pnrm/.m2/repository/org/apache/logging/log4j/log4j-api/2.10.0/log4j-api-2.10.0.jar:/Users/pnrm/.m2/repository/org/slf4j/jul-to-slf4j/1.7.25/jul-to-slf4j-1.7.25.jar:/Users/pnrm/.m2/repository/javax/annotation/javax.annotation-api/1.3.2/javax.annotation-api-1.3.2.jar:/Users/pnrm/.m2/repository/org/springframework/boot/spring-boot-starter-json/2.0.5.RELEASE/spring-boot-starter-json-2.0.5.RELEASE.jar:/Users/pnrm/.m2/repository/com/fasterxml/jackson/core/jackson-databind/2.9.6/jackson-databind-2.9.6.jar:/Users/pnrm/.m2/repository/com/fasterxml/jackson/core/jackson-core/2.9.6/jackson-core-2.9.6.jar:/Users/pnrm/.m2/repository/com/fasterxml/jackson/datatype/jackson-datatype-jdk8/2.9.6/jackson-datatype-jdk8-2.9.6.jar:/Users/pnrm/.m2/repository/com/fasterxml/jackson/datatype/jackson-datatype-jsr310/2.9.6/jackson-datatype-jsr310-2.9.6.jar:/Users/pnrm/.m2/repository/com/fasterxml/jackson/module/jackson-module-parameter-names/2.9.6/jackson-module-parameter-names-2.9.6.jar:/Users/pnrm/.m2/repository/org/springframework/boot/spring-boot-starter-tomcat/2.0.5.RELEASE/spring-boot-starter-tomcat-2.0.5.RELEASE.jar:/Users/pnrm/.m2/repository/org/apache/tomcat/embed/tomcat-embed-core/8.5.34/tomcat-embed-core-8.5.34.jar:/Users/pnrm/.m2/repository/org/apache/tomcat/embed/tomcat-embed-el/8.5.34/tomcat-embed-el-8.5.34.jar:/Users/pnrm/.m2/repository/org/apache/tomcat/embed/tomcat-embed-websocket/8.5.34/tomcat-embed-websocket-8.5.34.jar:/Users/pnrm/.m2/repository/org/hibernate/validator/hibernate-validator/6.0.12.Final/hibernate-validator-6.0.12.Final.jar:/Users/pnrm/.m2/repository/javax/validation/validation-api/2.0.1.Final/validation-api-2.0.1.Final.jar:/Users/pnrm/.m2/repository/org/jboss/logging/jboss-logging/3.3.2.Final/jboss-logging-3.3.2.Final.jar:/Users/pnrm/.m2/repository/org/springframework/spring-web/5.0.9.RELEASE/spring-web-5.0.9.RELEASE.jar:/Users/pnrm/.m2/repository/org/springframework/spring-webmvc/5.0.9.RELEASE/spring-webmvc-5.0.9.RELEASE.jar:/Users/pnrm/.m2/repository/org/springframework/spring-aop/5.0.9.RELEASE/spring-aop-5.0.9.RELEASE.jar:/Users/pnrm/.m2/repository/org/springframework/boot/spring-boot-starter-test/2.0.5.RELEASE/spring-boot-starter-test-2.0.5.RELEASE.jar:/Users/pnrm/.m2/repository/org/springframework/boot/spring-boot-test/2.0.5.RELEASE/spring-boot-test-2.0.5.RELEASE.jar:/Users/pnrm/.m2/repository/org/springframework/boot/spring-boot-test-autoconfigure/2.0.5.RELEASE/spring-boot-test-autoconfigure-2.0.5.RELEASE.jar:/Users/pnrm/.m2/repository/junit/junit/4.12/junit-4.12.jar:/Users/pnrm/.m2/repository/org/assertj/assertj-core/3.9.1/assertj-core-3.9.1.jar:/Users/pnrm/.m2/repository/org/mockito/mockito-core/2.15.0/mockito-core-2.15.0.jar:/Users/pnrm/.m2/repository/net/bytebuddy/byte-buddy/1.7.11/byte-buddy-1.7.11.jar:/Users/pnrm/.m2/repository/net/bytebuddy/byte-buddy-agent/1.7.11/byte-buddy-agent-1.7.11.jar:/Users/pnrm/.m2/repository/org/objenesis/objenesis/2.6/objenesis-2.6.jar:/Users/pnrm/.m2/repository/org/hamcrest/hamcrest-core/1.3/hamcrest-core-1.3.jar:/Users/pnrm/.m2/repository/org/hamcrest/hamcrest-library/1.3/hamcrest-library-1.3.jar:/Users/pnrm/.m2/repository/org/skyscreamer/jsonassert/1.5.0/jsonassert-1.5.0.jar:/Users/pnrm/.m2/repository/com/vaadin/external/google/android-json/0.0.20131108.vaadin1/android-json-0.0.20131108.vaadin1.jar:/Users/pnrm/.m2/repository/org/springframework/spring-core/5.0.9.RELEASE/spring-core-5.0.9.RELEASE.jar:/Users/pnrm/.m2/repository/org/springframework/spring-jcl/5.0.9.RELEASE/spring-jcl-5.0.9.RELEASE.jar:/Users/pnrm/.m2/repository/org/springframework/spring-test/5.0.9.RELEASE/spring-test-5.0.9.RELEASE.jar:/Users/pnrm/.m2/repository/org/xmlunit/xmlunit-core/2.5.1/xmlunit-core-2.5.1.jar:/Users/pnrm/.m2/repository/com/jayway/jsonpath/json-path/2.4.0/json-path-2.4.0.jar:/Users/pnrm/.m2/repository/net/minidev/json-smart/2.3/json-smart-2.3.jar:/Users/pnrm/.m2/repository/net/minidev/accessors-smart/1.2/accessors-smart-1.2.jar:/Users/pnrm/.m2/repository/org/ow2/asm/asm/5.0.4/asm-5.0.4.jar:/Users/pnrm/.m2/repository/org/slf4j/slf4j-api/1.7.25/slf4j-api-1.7.25.jar:/Users/pnrm/.m2/repository/io/springfox/springfox-swagger2/2.9.2/springfox-swagger2-2.9.2.jar:/Users/pnrm/.m2/repository/io/swagger/swagger-annotations/1.5.20/swagger-annotations-1.5.20.jar:/Users/pnrm/.m2/repository/io/swagger/swagger-models/1.5.20/swagger-models-1.5.20.jar:/Users/pnrm/.m2/repository/com/fasterxml/jackson/core/jackson-annotations/2.9.0/jackson-annotations-2.9.0.jar:/Users/pnrm/.m2/repository/io/springfox/springfox-spi/2.9.2/springfox-spi-2.9.2.jar:/Users/pnrm/.m2/repository/io/springfox/springfox-core/2.9.2/springfox-core-2.9.2.jar:/Users/pnrm/.m2/repository/io/springfox/springfox-schema/2.9.2/springfox-schema-2.9.2.jar:/Users/pnrm/.m2/repository/io/springfox/springfox-swagger-common/2.9.2/springfox-swagger-common-2.9.2.jar:/Users/pnrm/.m2/repository/io/springfox/springfox-spring-web/2.9.2/springfox-spring-web-2.9.2.jar:/Users/pnrm/.m2/repository/com/google/guava/guava/20.0/guava-20.0.jar:/Users/pnrm/.m2/repository/com/fasterxml/classmate/1.3.4/classmate-1.3.4.jar:/Users/pnrm/.m2/repository/org/springframework/plugin/spring-plugin-core/1.2.0.RELEASE/spring-plugin-core-1.2.0.RELEASE.jar:/Users/pnrm/.m2/repository/org/springframework/plugin/spring-plugin-metadata/1.2.0.RELEASE/spring-plugin-metadata-1.2.0.RELEASE.jar:/Users/pnrm/.m2/repository/org/mapstruct/mapstruct/1.2.0.Final/mapstruct-1.2.0.Final.jar:/Users/pnrm/.m2/repository/io/springfox/springfox-swagger-ui/2.9.2/springfox-swagger-ui-2.9.2.jar:/Users/pnrm/.m2/repository/org/springframework/data/spring-data-mongodb/2.0.10.RELEASE/spring-data-mongodb-2.0.10.RELEASE.jar:/Users/pnrm/.m2/repository/org/springframework/spring-tx/5.0.9.RELEASE/spring-tx-5.0.9.RELEASE.jar:/Users/pnrm/.m2/repository/org/springframework/spring-context/5.0.9.RELEASE/spring-context-5.0.9.RELEASE.jar:/Users/pnrm/.m2/repository/org/springframework/spring-beans/5.0.9.RELEASE/spring-beans-5.0.9.RELEASE.jar:/Users/pnrm/.m2/repository/org/springframework/spring-expression/5.0.9.RELEASE/spring-expression-5.0.9.RELEASE.jar:/Users/pnrm/.m2/repository/org/springframework/data/spring-data-commons/2.0.10.RELEASE/spring-data-commons-2.0.10.RELEASE.jar:/Users/pnrm/.m2/repository/org/mongodb/mongo-java-driver/3.6.4/mongo-java-driver-3.6.4.jar:/Users/pnrm/.m2/repository/org/testng/testng/6.8.5/testng-6.8.5.jar:/Users/pnrm/.m2/repository/org/beanshell/bsh/2.0b4/bsh-2.0b4.jar:/Users/pnrm/.m2/repository/com/beust/jcommander/1.27/jcommander-1.27.jar:/Users/pnrm/.m2/repository/org/yaml/snakeyaml/1.19/snakeyaml-1.19.jar:/Users/pnrm/.m2/repository/com/google/code/gson/gson/2.8.5/gson-2.8.5.jar:/Users/pnrm/.m2/repository/com/jayway/restassured/rest-assured/2.9.0/rest-assured-2.9.0.jar:/Users/pnrm/.m2/repository/org/codehaus/groovy/groovy/2.4.15/groovy-2.4.15.jar:/Users/pnrm/.m2/repository/org/codehaus/groovy/groovy-xml/2.4.15/groovy-xml-2.4.15.jar:/Users/pnrm/.m2/repository/org/apache/httpcomponents/httpclient/4.5.6/httpclient-4.5.6.jar:/Users/pnrm/.m2/repository/org/apache/httpcomponents/httpcore/4.4.10/httpcore-4.4.10.jar:/Users/pnrm/.m2/repository/commons-codec/commons-codec/1.11/commons-codec-1.11.jar:/Users/pnrm/.m2/repository/org/apache/httpcomponents/httpmime/4.5.6/httpmime-4.5.6.jar:/Users/pnrm/.m2/repository/org/ccil/cowan/tagsoup/tagsoup/1.2.1/tagsoup-1.2.1.jar:/Users/pnrm/.m2/repository/com/jayway/restassured/json-path/2.9.0/json-path-2.9.0.jar:/Users/pnrm/.m2/repository/org/codehaus/groovy/groovy-json/2.4.15/groovy-json-2.4.15.jar:/Users/pnrm/.m2/repository/com/jayway/restassured/rest-assured-common/2.9.0/rest-assured-common-2.9.0.jar:/Users/pnrm/.m2/repository/com/jayway/restassured/xml-path/2.9.0/xml-path-2.9.0.jar:/Users/pnrm/.m2/repository/org/apache/commons/commons-lang3/3.7/commons-lang3-3.7.jar:/Users/pnrm/.m2/repository/org/apache/maven/surefire/surefire-testng-utils/2.21.0/surefire-testng-utils-2.21.0.jar:/Users/pnrm/.m2/repository/org/apache/maven/surefire/surefire-grouper/2.21.0/surefire-grouper-2.21.0.jar:, user.name=pnrm, java.vm.specification.version=1.8, sun.java.command=/Users/pnrm/capcodigitalengineering/target/surefire/surefirebooter2267501658502004327.jar /Users/pnrm/capcodigitalengineering/target/surefire 2018-11-06T09-23-50_906-jvmRun1 surefire6312435147887469419tmp surefire_04666024078216783417tmp, java.home=/Library/Java/JavaVirtualMachines/jdk1.8.0_191.jdk/Contents/Home/jre, sun.arch.data.model=64, user.language=en, java.specification.vendor=Oracle Corporation, awt.toolkit=sun.lwawt.macosx.LWCToolkit, java.vm.info=mixed mode, java.version=1.8.0_191, java.ext.dirs=/Users/pnrm/Library/Java/Extensions:/Library/Java/JavaVirtualMachines/jdk1.8.0_191.jdk/Contents/Home/jre/lib/ext:/Library/Java/Extensions:/Network/Library/Java/Extensions:/System/Library/Java/Extensions:/usr/lib/java, sun.boot.class.path=/Library/Java/JavaVirtualMachines/jdk1.8.0_191.jdk/Contents/Home/jre/lib/resources.jar:/Library/Java/JavaVirtualMachines/jdk1.8.0_191.jdk/Contents/Home/jre/lib/rt.jar:/Library/Java/JavaVirtualMachines/jdk1.8.0_191.jdk/Contents/Home/jre/lib/sunrsasign.jar:/Library/Java/JavaVirtualMachines/jdk1.8.0_191.jdk/Contents/Home/jre/lib/jsse.jar:/Library/Java/JavaVirtualMachines/jdk1.8.0_191.jdk/Contents/Home/jre/lib/jce.jar:/Library/Java/JavaVirtualMachines/jdk1.8.0_191.jdk/Contents/Home/jre/lib/charsets.jar:/Library/Java/JavaVirtualMachines/jdk1.8.0_191.jdk/Contents/Home/jre/lib/jfr.jar:/Library/Java/JavaVirtualMachines/jdk1.8.0_191.jdk/Contents/Home/jre/classes, java.vendor=Oracle Corporation, localRepository=/Users/pnrm/.m2/repository, file.separator=/, java.vendor.url.bug=http://bugreport.sun.com/bugreport/, sun.io.unicode.encoding=UnicodeBig, sun.cpu.endian=little, socksNonProxyHosts=local|*.local|169.254/16|*.169.254/16, ftp.nonProxyHosts=local|*.local|169.254/16|*.169.254/16, sun.cpu.isalist=}}, SystemEnvironmentPropertySource@2000469839 {name='systemEnvironment', properties={PATH=/usr/local/bin:/usr/bin:/bin:/usr/sbin:/sbin, JAVA_MAIN_CLASS_10794=org.apache.maven.surefire.booter.ForkedBooter, JAVA_HOME=/Library/Java/JavaVirtualMachines/jdk1.8.0_191.jdk/Contents/Home, TERM=xterm-256color, LANG=en_GB.UTF-8, LOGNAME=pnrm, XPC_SERVICE_NAME=0, PWD=/Users/pnrm/capcodigitalengineering, TERM_PROGRAM_VERSION=404, MAVEN_CMD_LINE_ARGS= package, _=/Library/Java/JavaVirtualMachines/jdk1.8.0_191.jdk/Contents/Home/jre/bin/java, JAVA_MAIN_CLASS_10781=org.codehaus.plexus.classworlds.launcher.Launcher, SHELL=/bin/bash, TERM_PROGRAM=Apple_Terminal, MAVEN_PROJECTBASEDIR=/Users/pnrm/capcodigitalengineering, OLDPWD=/Users/pnrm/capcodigitalengineering, USER=pnrm, TMPDIR=/var/folders/r7/swgcz_x57zvfv5_61cg2577n0z7jxl/T/, SSH_AUTH_SOCK=/private/tmp/com.apple.launchd.sk9XxGjnzT/Listeners, XPC_FLAGS=0x0, TERM_SESSION_ID=17D29490-9F97-4318-9626-F37BC68719EB, __CF_USER_TEXT_ENCODING=0x41F3C7B3:0x0:0x2, Apple_PubSub_Socket_Render=/private/tmp/com.apple.launchd.CfxIBueVVX/Render, HOME=/Users/pnrm, SHLVL=2}}]
09:23:53.160 [main] DEBUG org.springframework.core.io.support.PathMatchingResourcePatternResolver - Resolved classpath location [hello/] to resources [URL [file:/Users/pnrm/capcodigitalengineering/target/test-classes/hello/], URL [file:/Users/pnrm/capcodigitalengineering/target/classes/hello/]]
09:23:53.161 [main] DEBUG org.springframework.core.io.support.PathMatchingResourcePatternResolver - Looking for matching resources in directory tree [/Users/pnrm/capcodigitalengineering/target/test-classes/hello]
09:23:53.161 [main] DEBUG org.springframework.core.io.support.PathMatchingResourcePatternResolver - Searching directory [/Users/pnrm/capcodigitalengineering/target/test-classes/hello] for files matching pattern [/Users/pnrm/capcodigitalengineering/target/test-classes/hello/*.class]
09:23:53.164 [main] DEBUG org.springframework.core.io.support.PathMatchingResourcePatternResolver - Looking for matching resources in directory tree [/Users/pnrm/capcodigitalengineering/target/classes/hello]
09:23:53.164 [main] DEBUG org.springframework.core.io.support.PathMatchingResourcePatternResolver - Searching directory [/Users/pnrm/capcodigitalengineering/target/classes/hello] for files matching pattern [/Users/pnrm/capcodigitalengineering/target/classes/hello/*.class]
09:23:53.165 [main] DEBUG org.springframework.core.io.support.PathMatchingResourcePatternResolver - Resolved location pattern [classpath*:hello/*.class] to resources [file [/Users/pnrm/capcodigitalengineering/target/test-classes/hello/CustomerTests.class], file [/Users/pnrm/capcodigitalengineering/target/test-classes/hello/GreetingControllerTests.class], file [/Users/pnrm/capcodigitalengineering/target/test-classes/hello/IntegrationTests.class], file [/Users/pnrm/capcodigitalengineering/target/classes/hello/Application.class], file [/Users/pnrm/capcodigitalengineering/target/classes/hello/CustomController.class], file [/Users/pnrm/capcodigitalengineering/target/classes/hello/Customer.class], file [/Users/pnrm/capcodigitalengineering/target/classes/hello/CustomerRepository.class], file [/Users/pnrm/capcodigitalengineering/target/classes/hello/Greeting.class], file [/Users/pnrm/capcodigitalengineering/target/classes/hello/GreetingController.class], file [/Users/pnrm/capcodigitalengineering/target/classes/hello/SwaggerConfig.class]]
09:23:53.240 [main] DEBUG org.springframework.context.annotation.ClassPathScanningCandidateComponentProvider - Identified candidate component class: file [/Users/pnrm/capcodigitalengineering/target/classes/hello/Application.class]
09:23:53.250 [main] INFO org.springframework.boot.test.context.SpringBootTestContextBootstrapper - Found @SpringBootConfiguration hello.Application for test class hello.GreetingControllerTests
09:23:53.379 [main] DEBUG org.springframework.boot.test.context.SpringBootTestContextBootstrapper - @TestExecutionListeners is not present for class [hello.GreetingControllerTests]: using defaults.
09:23:53.379 [main] INFO org.springframework.boot.test.context.SpringBootTestContextBootstrapper - Loaded default TestExecutionListener class names from location [META-INF/spring.factories]: [org.springframework.boot.test.mock.mockito.MockitoTestExecutionListener, org.springframework.boot.test.mock.mockito.ResetMocksTestExecutionListener, org.springframework.boot.test.autoconfigure.restdocs.RestDocsTestExecutionListener, org.springframework.boot.test.autoconfigure.web.client.MockRestServiceServerResetTestExecutionListener, org.springframework.boot.test.autoconfigure.web.servlet.MockMvcPrintOnlyOnFailureTestExecutionListener, org.springframework.boot.test.autoconfigure.web.servlet.WebDriverTestExecutionListener, org.springframework.test.context.web.ServletTestExecutionListener, org.springframework.test.context.support.DirtiesContextBeforeModesTestExecutionListener, org.springframework.test.context.support.DependencyInjectionTestExecutionListener, org.springframework.test.context.support.DirtiesContextTestExecutionListener, org.springframework.test.context.transaction.TransactionalTestExecutionListener, org.springframework.test.context.jdbc.SqlScriptsTestExecutionListener]
09:23:53.398 [main] INFO org.springframework.boot.test.context.SpringBootTestContextBootstrapper - Using TestExecutionListeners: [org.springframework.test.context.web.ServletTestExecutionListener@473b3b7a, org.springframework.test.context.support.DirtiesContextBeforeModesTestExecutionListener@1734f68, org.springframework.boot.test.mock.mockito.MockitoTestExecutionListener@77b7ffa4, org.springframework.boot.test.autoconfigure.SpringBootDependencyInjectionTestExecutionListener@5ed190be, org.springframework.test.context.support.DirtiesContextTestExecutionListener@402f80f5, org.springframework.test.context.transaction.TransactionalTestExecutionListener@5bbc9f97, org.springframework.test.context.jdbc.SqlScriptsTestExecutionListener@133e019b, org.springframework.boot.test.mock.mockito.ResetMocksTestExecutionListener@41382722, org.springframework.boot.test.autoconfigure.restdocs.RestDocsTestExecutionListener@7dac3fd8, org.springframework.boot.test.autoconfigure.web.client.MockRestServiceServerResetTestExecutionListener@425357dd, org.springframework.boot.test.autoconfigure.web.servlet.MockMvcPrintOnlyOnFailureTestExecutionListener@2102a4d5, org.springframework.boot.test.autoconfigure.web.servlet.WebDriverTestExecutionListener@210386e0]
09:23:53.406 [main] DEBUG org.springframework.test.annotation.ProfileValueUtils - Retrieved @ProfileValueSourceConfiguration [null] for test class [hello.GreetingControllerTests]
09:23:53.406 [main] DEBUG org.springframework.test.annotation.ProfileValueUtils - Retrieved ProfileValueSource type [class org.springframework.test.annotation.SystemProfileValueSource] for class [hello.GreetingControllerTests]
09:23:53.407 [main] DEBUG org.springframework.test.annotation.ProfileValueUtils - Retrieved @ProfileValueSourceConfiguration [null] for test class [hello.GreetingControllerTests]
09:23:53.408 [main] DEBUG org.springframework.test.annotation.ProfileValueUtils - Retrieved ProfileValueSource type [class org.springframework.test.annotation.SystemProfileValueSource] for class [hello.GreetingControllerTests]
09:23:53.408 [main] DEBUG org.springframework.test.annotation.ProfileValueUtils - Retrieved @ProfileValueSourceConfiguration [null] for test class [hello.GreetingControllerTests]
09:23:53.408 [main] DEBUG org.springframework.test.annotation.ProfileValueUtils - Retrieved ProfileValueSource type [class org.springframework.test.annotation.SystemProfileValueSource] for class [hello.GreetingControllerTests]
09:23:53.412 [main] DEBUG org.springframework.test.context.support.AbstractDirtiesContextTestExecutionListener - Before test class: context [DefaultTestContext@781e7326 testClass = GreetingControllerTests, testInstance = [null], testMethod = [null], testException = [null], mergedContextConfiguration = [WebMergedContextConfiguration@22680f52 testClass = GreetingControllerTests, locations = '{}', classes = '{class hello.Application}', contextInitializerClasses = '[]', activeProfiles = '{}', propertySourceLocations = '{}', propertySourceProperties = '{org.springframework.boot.test.context.SpringBootTestContextBootstrapper=true}', contextCustomizers = set[[ImportsContextCustomizer@60d84f61 key = [org.springframework.boot.test.autoconfigure.web.servlet.MockMvcAutoConfiguration, org.springframework.boot.test.autoconfigure.web.servlet.MockMvcSecurityAutoConfiguration, org.springframework.boot.test.autoconfigure.web.servlet.MockMvcWebClientAutoConfiguration, org.springframework.boot.test.autoconfigure.web.servlet.MockMvcWebDriverAutoConfiguration]], org.springframework.boot.test.context.filter.ExcludeFilterContextCustomizer@4f2c9ba6, org.springframework.boot.test.json.DuplicateJsonObjectContextCustomizerFactory$DuplicateJsonObjectContextCustomizer@24d4d7c9, org.springframework.boot.test.mock.mockito.MockitoContextCustomizer@0, org.springframework.boot.test.web.client.TestRestTemplateContextCustomizer@1bb1fde8, org.springframework.boot.test.autoconfigure.properties.PropertyMappingContextCustomizer@e7e8512, org.springframework.boot.test.autoconfigure.web.servlet.WebDriverContextCustomizerFactory$Customizer@3234f74e], resourceBasePath = 'src/main/webapp', contextLoader = 'org.springframework.boot.test.context.SpringBootContextLoader', parent = [null]], attributes = map['org.springframework.test.context.web.ServletTestExecutionListener.activateListener' -> true]], class annotated with @DirtiesContext [false] with mode [null].
09:23:53.412 [main] DEBUG org.springframework.test.annotation.ProfileValueUtils - Retrieved @ProfileValueSourceConfiguration [null] for test class [hello.GreetingControllerTests]
09:23:53.413 [main] DEBUG org.springframework.test.annotation.ProfileValueUtils - Retrieved ProfileValueSource type [class org.springframework.test.annotation.SystemProfileValueSource] for class [hello.GreetingControllerTests]
09:23:53.433 [main] DEBUG org.springframework.core.env.StandardEnvironment - Adding PropertySource 'systemProperties' with lowest search precedence
09:23:53.433 [main] DEBUG org.springframework.core.env.StandardEnvironment - Adding PropertySource 'systemEnvironment' with lowest search precedence
09:23:53.434 [main] DEBUG org.springframework.core.env.StandardEnvironment - Initialized StandardEnvironment with PropertySources [MapPropertySource@1290614253 {name='systemProperties', properties={java.runtime.name=Java(TM) SE Runtime Environment, sun.boot.library.path=/Library/Java/JavaVirtualMachines/jdk1.8.0_191.jdk/Contents/Home/jre/lib, java.vm.version=25.191-b12, gopherProxySet=false, java.vm.vendor=Oracle Corporation, java.vendor.url=http://java.oracle.com/, path.separator=:, java.vm.name=Java HotSpot(TM) 64-Bit Server VM, file.encoding.pkg=sun.io, user.country=GB, sun.java.launcher=SUN_STANDARD, sun.os.patch.level=unknown, java.vm.specification.name=Java Virtual Machine Specification, user.dir=/Users/pnrm/capcodigitalengineering, java.runtime.version=1.8.0_191-b12, basedir=/Users/pnrm/capcodigitalengineering, java.awt.graphicsenv=sun.awt.CGraphicsEnvironment, java.endorsed.dirs=/Library/Java/JavaVirtualMachines/jdk1.8.0_191.jdk/Contents/Home/jre/lib/endorsed, os.arch=x86_64, surefire.real.class.path=/Users/pnrm/capcodigitalengineering/target/surefire/surefirebooter2267501658502004327.jar, java.io.tmpdir=/var/folders/r7/swgcz_x57zvfv5_61cg2577n0z7jxl/T/, line.separator=
, java.vm.specification.vendor=Oracle Corporation, os.name=Mac OS X, sun.jnu.encoding=UTF-8, java.library.path=/Users/pnrm/Library/Java/Extensions:/Library/Java/Extensions:/Network/Library/Java/Extensions:/System/Library/Java/Extensions:/usr/lib/java:., surefire.test.class.path=/Users/pnrm/capcodigitalengineering/target/test-classes:/Users/pnrm/capcodigitalengineering/target/classes:/Users/pnrm/.m2/repository/org/springframework/boot/spring-boot-starter-web/2.0.5.RELEASE/spring-boot-starter-web-2.0.5.RELEASE.jar:/Users/pnrm/.m2/repository/org/springframework/boot/spring-boot-starter/2.0.5.RELEASE/spring-boot-starter-2.0.5.RELEASE.jar:/Users/pnrm/.m2/repository/org/springframework/boot/spring-boot/2.0.5.RELEASE/spring-boot-2.0.5.RELEASE.jar:/Users/pnrm/.m2/repository/org/springframework/boot/spring-boot-autoconfigure/2.0.5.RELEASE/spring-boot-autoconfigure-2.0.5.RELEASE.jar:/Users/pnrm/.m2/repository/org/springframework/boot/spring-boot-starter-logging/2.0.5.RELEASE/spring-boot-starter-logging-2.0.5.RELEASE.jar:/Users/pnrm/.m2/repository/ch/qos/logback/logback-classic/1.2.3/logback-classic-1.2.3.jar:/Users/pnrm/.m2/repository/ch/qos/logback/logback-core/1.2.3/logback-core-1.2.3.jar:/Users/pnrm/.m2/repository/org/apache/logging/log4j/log4j-to-slf4j/2.10.0/log4j-to-slf4j-2.10.0.jar:/Users/pnrm/.m2/repository/org/apache/logging/log4j/log4j-api/2.10.0/log4j-api-2.10.0.jar:/Users/pnrm/.m2/repository/org/slf4j/jul-to-slf4j/1.7.25/jul-to-slf4j-1.7.25.jar:/Users/pnrm/.m2/repository/javax/annotation/javax.annotation-api/1.3.2/javax.annotation-api-1.3.2.jar:/Users/pnrm/.m2/repository/org/springframework/boot/spring-boot-starter-json/2.0.5.RELEASE/spring-boot-starter-json-2.0.5.RELEASE.jar:/Users/pnrm/.m2/repository/com/fasterxml/jackson/core/jackson-databind/2.9.6/jackson-databind-2.9.6.jar:/Users/pnrm/.m2/repository/com/fasterxml/jackson/core/jackson-core/2.9.6/jackson-core-2.9.6.jar:/Users/pnrm/.m2/repository/com/fasterxml/jackson/datatype/jackson-datatype-jdk8/2.9.6/jackson-datatype-jdk8-2.9.6.jar:/Users/pnrm/.m2/repository/com/fasterxml/jackson/datatype/jackson-datatype-jsr310/2.9.6/jackson-datatype-jsr310-2.9.6.jar:/Users/pnrm/.m2/repository/com/fasterxml/jackson/module/jackson-module-parameter-names/2.9.6/jackson-module-parameter-names-2.9.6.jar:/Users/pnrm/.m2/repository/org/springframework/boot/spring-boot-starter-tomcat/2.0.5.RELEASE/spring-boot-starter-tomcat-2.0.5.RELEASE.jar:/Users/pnrm/.m2/repository/org/apache/tomcat/embed/tomcat-embed-core/8.5.34/tomcat-embed-core-8.5.34.jar:/Users/pnrm/.m2/repository/org/apache/tomcat/embed/tomcat-embed-el/8.5.34/tomcat-embed-el-8.5.34.jar:/Users/pnrm/.m2/repository/org/apache/tomcat/embed/tomcat-embed-websocket/8.5.34/tomcat-embed-websocket-8.5.34.jar:/Users/pnrm/.m2/repository/org/hibernate/validator/hibernate-validator/6.0.12.Final/hibernate-validator-6.0.12.Final.jar:/Users/pnrm/.m2/repository/javax/validation/validation-api/2.0.1.Final/validation-api-2.0.1.Final.jar:/Users/pnrm/.m2/repository/org/jboss/logging/jboss-logging/3.3.2.Final/jboss-logging-3.3.2.Final.jar:/Users/pnrm/.m2/repository/org/springframework/spring-web/5.0.9.RELEASE/spring-web-5.0.9.RELEASE.jar:/Users/pnrm/.m2/repository/org/springframework/spring-webmvc/5.0.9.RELEASE/spring-webmvc-5.0.9.RELEASE.jar:/Users/pnrm/.m2/repository/org/springframework/spring-aop/5.0.9.RELEASE/spring-aop-5.0.9.RELEASE.jar:/Users/pnrm/.m2/repository/org/springframework/boot/spring-boot-starter-test/2.0.5.RELEASE/spring-boot-starter-test-2.0.5.RELEASE.jar:/Users/pnrm/.m2/repository/org/springframework/boot/spring-boot-test/2.0.5.RELEASE/spring-boot-test-2.0.5.RELEASE.jar:/Users/pnrm/.m2/repository/org/springframework/boot/spring-boot-test-autoconfigure/2.0.5.RELEASE/spring-boot-test-autoconfigure-2.0.5.RELEASE.jar:/Users/pnrm/.m2/repository/junit/junit/4.12/junit-4.12.jar:/Users/pnrm/.m2/repository/org/assertj/assertj-core/3.9.1/assertj-core-3.9.1.jar:/Users/pnrm/.m2/repository/org/mockito/mockito-core/2.15.0/mockito-core-2.15.0.jar:/Users/pnrm/.m2/repository/net/bytebuddy/byte-buddy/1.7.11/byte-buddy-1.7.11.jar:/Users/pnrm/.m2/repository/net/bytebuddy/byte-buddy-agent/1.7.11/byte-buddy-agent-1.7.11.jar:/Users/pnrm/.m2/repository/org/objenesis/objenesis/2.6/objenesis-2.6.jar:/Users/pnrm/.m2/repository/org/hamcrest/hamcrest-core/1.3/hamcrest-core-1.3.jar:/Users/pnrm/.m2/repository/org/hamcrest/hamcrest-library/1.3/hamcrest-library-1.3.jar:/Users/pnrm/.m2/repository/org/skyscreamer/jsonassert/1.5.0/jsonassert-1.5.0.jar:/Users/pnrm/.m2/repository/com/vaadin/external/google/android-json/0.0.20131108.vaadin1/android-json-0.0.20131108.vaadin1.jar:/Users/pnrm/.m2/repository/org/springframework/spring-core/5.0.9.RELEASE/spring-core-5.0.9.RELEASE.jar:/Users/pnrm/.m2/repository/org/springframework/spring-jcl/5.0.9.RELEASE/spring-jcl-5.0.9.RELEASE.jar:/Users/pnrm/.m2/repository/org/springframework/spring-test/5.0.9.RELEASE/spring-test-5.0.9.RELEASE.jar:/Users/pnrm/.m2/repository/org/xmlunit/xmlunit-core/2.5.1/xmlunit-core-2.5.1.jar:/Users/pnrm/.m2/repository/com/jayway/jsonpath/json-path/2.4.0/json-path-2.4.0.jar:/Users/pnrm/.m2/repository/net/minidev/json-smart/2.3/json-smart-2.3.jar:/Users/pnrm/.m2/repository/net/minidev/accessors-smart/1.2/accessors-smart-1.2.jar:/Users/pnrm/.m2/repository/org/ow2/asm/asm/5.0.4/asm-5.0.4.jar:/Users/pnrm/.m2/repository/org/slf4j/slf4j-api/1.7.25/slf4j-api-1.7.25.jar:/Users/pnrm/.m2/repository/io/springfox/springfox-swagger2/2.9.2/springfox-swagger2-2.9.2.jar:/Users/pnrm/.m2/repository/io/swagger/swagger-annotations/1.5.20/swagger-annotations-1.5.20.jar:/Users/pnrm/.m2/repository/io/swagger/swagger-models/1.5.20/swagger-models-1.5.20.jar:/Users/pnrm/.m2/repository/com/fasterxml/jackson/core/jackson-annotations/2.9.0/jackson-annotations-2.9.0.jar:/Users/pnrm/.m2/repository/io/springfox/springfox-spi/2.9.2/springfox-spi-2.9.2.jar:/Users/pnrm/.m2/repository/io/springfox/springfox-core/2.9.2/springfox-core-2.9.2.jar:/Users/pnrm/.m2/repository/io/springfox/springfox-schema/2.9.2/springfox-schema-2.9.2.jar:/Users/pnrm/.m2/repository/io/springfox/springfox-swagger-common/2.9.2/springfox-swagger-common-2.9.2.jar:/Users/pnrm/.m2/repository/io/springfox/springfox-spring-web/2.9.2/springfox-spring-web-2.9.2.jar:/Users/pnrm/.m2/repository/com/google/guava/guava/20.0/guava-20.0.jar:/Users/pnrm/.m2/repository/com/fasterxml/classmate/1.3.4/classmate-1.3.4.jar:/Users/pnrm/.m2/repository/org/springframework/plugin/spring-plugin-core/1.2.0.RELEASE/spring-plugin-core-1.2.0.RELEASE.jar:/Users/pnrm/.m2/repository/org/springframework/plugin/spring-plugin-metadata/1.2.0.RELEASE/spring-plugin-metadata-1.2.0.RELEASE.jar:/Users/pnrm/.m2/repository/org/mapstruct/mapstruct/1.2.0.Final/mapstruct-1.2.0.Final.jar:/Users/pnrm/.m2/repository/io/springfox/springfox-swagger-ui/2.9.2/springfox-swagger-ui-2.9.2.jar:/Users/pnrm/.m2/repository/org/springframework/data/spring-data-mongodb/2.0.10.RELEASE/spring-data-mongodb-2.0.10.RELEASE.jar:/Users/pnrm/.m2/repository/org/springframework/spring-tx/5.0.9.RELEASE/spring-tx-5.0.9.RELEASE.jar:/Users/pnrm/.m2/repository/org/springframework/spring-context/5.0.9.RELEASE/spring-context-5.0.9.RELEASE.jar:/Users/pnrm/.m2/repository/org/springframework/spring-beans/5.0.9.RELEASE/spring-beans-5.0.9.RELEASE.jar:/Users/pnrm/.m2/repository/org/springframework/spring-expression/5.0.9.RELEASE/spring-expression-5.0.9.RELEASE.jar:/Users/pnrm/.m2/repository/org/springframework/data/spring-data-commons/2.0.10.RELEASE/spring-data-commons-2.0.10.RELEASE.jar:/Users/pnrm/.m2/repository/org/mongodb/mongo-java-driver/3.6.4/mongo-java-driver-3.6.4.jar:/Users/pnrm/.m2/repository/org/testng/testng/6.8.5/testng-6.8.5.jar:/Users/pnrm/.m2/repository/org/beanshell/bsh/2.0b4/bsh-2.0b4.jar:/Users/pnrm/.m2/repository/com/beust/jcommander/1.27/jcommander-1.27.jar:/Users/pnrm/.m2/repository/org/yaml/snakeyaml/1.19/snakeyaml-1.19.jar:/Users/pnrm/.m2/repository/com/google/code/gson/gson/2.8.5/gson-2.8.5.jar:/Users/pnrm/.m2/repository/com/jayway/restassured/rest-assured/2.9.0/rest-assured-2.9.0.jar:/Users/pnrm/.m2/repository/org/codehaus/groovy/groovy/2.4.15/groovy-2.4.15.jar:/Users/pnrm/.m2/repository/org/codehaus/groovy/groovy-xml/2.4.15/groovy-xml-2.4.15.jar:/Users/pnrm/.m2/repository/org/apache/httpcomponents/httpclient/4.5.6/httpclient-4.5.6.jar:/Users/pnrm/.m2/repository/org/apache/httpcomponents/httpcore/4.4.10/httpcore-4.4.10.jar:/Users/pnrm/.m2/repository/commons-codec/commons-codec/1.11/commons-codec-1.11.jar:/Users/pnrm/.m2/repository/org/apache/httpcomponents/httpmime/4.5.6/httpmime-4.5.6.jar:/Users/pnrm/.m2/repository/org/ccil/cowan/tagsoup/tagsoup/1.2.1/tagsoup-1.2.1.jar:/Users/pnrm/.m2/repository/com/jayway/restassured/json-path/2.9.0/json-path-2.9.0.jar:/Users/pnrm/.m2/repository/org/codehaus/groovy/groovy-json/2.4.15/groovy-json-2.4.15.jar:/Users/pnrm/.m2/repository/com/jayway/restassured/rest-assured-common/2.9.0/rest-assured-common-2.9.0.jar:/Users/pnrm/.m2/repository/com/jayway/restassured/xml-path/2.9.0/xml-path-2.9.0.jar:/Users/pnrm/.m2/repository/org/apache/commons/commons-lang3/3.7/commons-lang3-3.7.jar:/Users/pnrm/.m2/repository/org/apache/maven/surefire/surefire-testng-utils/2.21.0/surefire-testng-utils-2.21.0.jar:/Users/pnrm/.m2/repository/org/apache/maven/surefire/surefire-grouper/2.21.0/surefire-grouper-2.21.0.jar:, java.specification.name=Java Platform API Specification, java.class.version=52.0, sun.management.compiler=HotSpot 64-Bit Tiered Compilers, os.version=10.13.4, http.nonProxyHosts=local|*.local|169.254/16|*.169.254/16, user.home=/Users/pnrm, user.timezone=Europe/London, java.awt.printerjob=sun.lwawt.macosx.CPrinterJob, file.encoding=UTF-8, java.specification.version=1.8, java.class.path=/Users/pnrm/capcodigitalengineering/target/test-classes:/Users/pnrm/capcodigitalengineering/target/classes:/Users/pnrm/.m2/repository/org/springframework/boot/spring-boot-starter-web/2.0.5.RELEASE/spring-boot-starter-web-2.0.5.RELEASE.jar:/Users/pnrm/.m2/repository/org/springframework/boot/spring-boot-starter/2.0.5.RELEASE/spring-boot-starter-2.0.5.RELEASE.jar:/Users/pnrm/.m2/repository/org/springframework/boot/spring-boot/2.0.5.RELEASE/spring-boot-2.0.5.RELEASE.jar:/Users/pnrm/.m2/repository/org/springframework/boot/spring-boot-autoconfigure/2.0.5.RELEASE/spring-boot-autoconfigure-2.0.5.RELEASE.jar:/Users/pnrm/.m2/repository/org/springframework/boot/spring-boot-starter-logging/2.0.5.RELEASE/spring-boot-starter-logging-2.0.5.RELEASE.jar:/Users/pnrm/.m2/repository/ch/qos/logback/logback-classic/1.2.3/logback-classic-1.2.3.jar:/Users/pnrm/.m2/repository/ch/qos/logback/logback-core/1.2.3/logback-core-1.2.3.jar:/Users/pnrm/.m2/repository/org/apache/logging/log4j/log4j-to-slf4j/2.10.0/log4j-to-slf4j-2.10.0.jar:/Users/pnrm/.m2/repository/org/apache/logging/log4j/log4j-api/2.10.0/log4j-api-2.10.0.jar:/Users/pnrm/.m2/repository/org/slf4j/jul-to-slf4j/1.7.25/jul-to-slf4j-1.7.25.jar:/Users/pnrm/.m2/repository/javax/annotation/javax.annotation-api/1.3.2/javax.annotation-api-1.3.2.jar:/Users/pnrm/.m2/repository/org/springframework/boot/spring-boot-starter-json/2.0.5.RELEASE/spring-boot-starter-json-2.0.5.RELEASE.jar:/Users/pnrm/.m2/repository/com/fasterxml/jackson/core/jackson-databind/2.9.6/jackson-databind-2.9.6.jar:/Users/pnrm/.m2/repository/com/fasterxml/jackson/core/jackson-core/2.9.6/jackson-core-2.9.6.jar:/Users/pnrm/.m2/repository/com/fasterxml/jackson/datatype/jackson-datatype-jdk8/2.9.6/jackson-datatype-jdk8-2.9.6.jar:/Users/pnrm/.m2/repository/com/fasterxml/jackson/datatype/jackson-datatype-jsr310/2.9.6/jackson-datatype-jsr310-2.9.6.jar:/Users/pnrm/.m2/repository/com/fasterxml/jackson/module/jackson-module-parameter-names/2.9.6/jackson-module-parameter-names-2.9.6.jar:/Users/pnrm/.m2/repository/org/springframework/boot/spring-boot-starter-tomcat/2.0.5.RELEASE/spring-boot-starter-tomcat-2.0.5.RELEASE.jar:/Users/pnrm/.m2/repository/org/apache/tomcat/embed/tomcat-embed-core/8.5.34/tomcat-embed-core-8.5.34.jar:/Users/pnrm/.m2/repository/org/apache/tomcat/embed/tomcat-embed-el/8.5.34/tomcat-embed-el-8.5.34.jar:/Users/pnrm/.m2/repository/org/apache/tomcat/embed/tomcat-embed-websocket/8.5.34/tomcat-embed-websocket-8.5.34.jar:/Users/pnrm/.m2/repository/org/hibernate/validator/hibernate-validator/6.0.12.Final/hibernate-validator-6.0.12.Final.jar:/Users/pnrm/.m2/repository/javax/validation/validation-api/2.0.1.Final/validation-api-2.0.1.Final.jar:/Users/pnrm/.m2/repository/org/jboss/logging/jboss-logging/3.3.2.Final/jboss-logging-3.3.2.Final.jar:/Users/pnrm/.m2/repository/org/springframework/spring-web/5.0.9.RELEASE/spring-web-5.0.9.RELEASE.jar:/Users/pnrm/.m2/repository/org/springframework/spring-webmvc/5.0.9.RELEASE/spring-webmvc-5.0.9.RELEASE.jar:/Users/pnrm/.m2/repository/org/springframework/spring-aop/5.0.9.RELEASE/spring-aop-5.0.9.RELEASE.jar:/Users/pnrm/.m2/repository/org/springframework/boot/spring-boot-starter-test/2.0.5.RELEASE/spring-boot-starter-test-2.0.5.RELEASE.jar:/Users/pnrm/.m2/repository/org/springframework/boot/spring-boot-test/2.0.5.RELEASE/spring-boot-test-2.0.5.RELEASE.jar:/Users/pnrm/.m2/repository/org/springframework/boot/spring-boot-test-autoconfigure/2.0.5.RELEASE/spring-boot-test-autoconfigure-2.0.5.RELEASE.jar:/Users/pnrm/.m2/repository/junit/junit/4.12/junit-4.12.jar:/Users/pnrm/.m2/repository/org/assertj/assertj-core/3.9.1/assertj-core-3.9.1.jar:/Users/pnrm/.m2/repository/org/mockito/mockito-core/2.15.0/mockito-core-2.15.0.jar:/Users/pnrm/.m2/repository/net/bytebuddy/byte-buddy/1.7.11/byte-buddy-1.7.11.jar:/Users/pnrm/.m2/repository/net/bytebuddy/byte-buddy-agent/1.7.11/byte-buddy-agent-1.7.11.jar:/Users/pnrm/.m2/repository/org/objenesis/objenesis/2.6/objenesis-2.6.jar:/Users/pnrm/.m2/repository/org/hamcrest/hamcrest-core/1.3/hamcrest-core-1.3.jar:/Users/pnrm/.m2/repository/org/hamcrest/hamcrest-library/1.3/hamcrest-library-1.3.jar:/Users/pnrm/.m2/repository/org/skyscreamer/jsonassert/1.5.0/jsonassert-1.5.0.jar:/Users/pnrm/.m2/repository/com/vaadin/external/google/android-json/0.0.20131108.vaadin1/android-json-0.0.20131108.vaadin1.jar:/Users/pnrm/.m2/repository/org/springframework/spring-core/5.0.9.RELEASE/spring-core-5.0.9.RELEASE.jar:/Users/pnrm/.m2/repository/org/springframework/spring-jcl/5.0.9.RELEASE/spring-jcl-5.0.9.RELEASE.jar:/Users/pnrm/.m2/repository/org/springframework/spring-test/5.0.9.RELEASE/spring-test-5.0.9.RELEASE.jar:/Users/pnrm/.m2/repository/org/xmlunit/xmlunit-core/2.5.1/xmlunit-core-2.5.1.jar:/Users/pnrm/.m2/repository/com/jayway/jsonpath/json-path/2.4.0/json-path-2.4.0.jar:/Users/pnrm/.m2/repository/net/minidev/json-smart/2.3/json-smart-2.3.jar:/Users/pnrm/.m2/repository/net/minidev/accessors-smart/1.2/accessors-smart-1.2.jar:/Users/pnrm/.m2/repository/org/ow2/asm/asm/5.0.4/asm-5.0.4.jar:/Users/pnrm/.m2/repository/org/slf4j/slf4j-api/1.7.25/slf4j-api-1.7.25.jar:/Users/pnrm/.m2/repository/io/springfox/springfox-swagger2/2.9.2/springfox-swagger2-2.9.2.jar:/Users/pnrm/.m2/repository/io/swagger/swagger-annotations/1.5.20/swagger-annotations-1.5.20.jar:/Users/pnrm/.m2/repository/io/swagger/swagger-models/1.5.20/swagger-models-1.5.20.jar:/Users/pnrm/.m2/repository/com/fasterxml/jackson/core/jackson-annotations/2.9.0/jackson-annotations-2.9.0.jar:/Users/pnrm/.m2/repository/io/springfox/springfox-spi/2.9.2/springfox-spi-2.9.2.jar:/Users/pnrm/.m2/repository/io/springfox/springfox-core/2.9.2/springfox-core-2.9.2.jar:/Users/pnrm/.m2/repository/io/springfox/springfox-schema/2.9.2/springfox-schema-2.9.2.jar:/Users/pnrm/.m2/repository/io/springfox/springfox-swagger-common/2.9.2/springfox-swagger-common-2.9.2.jar:/Users/pnrm/.m2/repository/io/springfox/springfox-spring-web/2.9.2/springfox-spring-web-2.9.2.jar:/Users/pnrm/.m2/repository/com/google/guava/guava/20.0/guava-20.0.jar:/Users/pnrm/.m2/repository/com/fasterxml/classmate/1.3.4/classmate-1.3.4.jar:/Users/pnrm/.m2/repository/org/springframework/plugin/spring-plugin-core/1.2.0.RELEASE/spring-plugin-core-1.2.0.RELEASE.jar:/Users/pnrm/.m2/repository/org/springframework/plugin/spring-plugin-metadata/1.2.0.RELEASE/spring-plugin-metadata-1.2.0.RELEASE.jar:/Users/pnrm/.m2/repository/org/mapstruct/mapstruct/1.2.0.Final/mapstruct-1.2.0.Final.jar:/Users/pnrm/.m2/repository/io/springfox/springfox-swagger-ui/2.9.2/springfox-swagger-ui-2.9.2.jar:/Users/pnrm/.m2/repository/org/springframework/data/spring-data-mongodb/2.0.10.RELEASE/spring-data-mongodb-2.0.10.RELEASE.jar:/Users/pnrm/.m2/repository/org/springframework/spring-tx/5.0.9.RELEASE/spring-tx-5.0.9.RELEASE.jar:/Users/pnrm/.m2/repository/org/springframework/spring-context/5.0.9.RELEASE/spring-context-5.0.9.RELEASE.jar:/Users/pnrm/.m2/repository/org/springframework/spring-beans/5.0.9.RELEASE/spring-beans-5.0.9.RELEASE.jar:/Users/pnrm/.m2/repository/org/springframework/spring-expression/5.0.9.RELEASE/spring-expression-5.0.9.RELEASE.jar:/Users/pnrm/.m2/repository/org/springframework/data/spring-data-commons/2.0.10.RELEASE/spring-data-commons-2.0.10.RELEASE.jar:/Users/pnrm/.m2/repository/org/mongodb/mongo-java-driver/3.6.4/mongo-java-driver-3.6.4.jar:/Users/pnrm/.m2/repository/org/testng/testng/6.8.5/testng-6.8.5.jar:/Users/pnrm/.m2/repository/org/beanshell/bsh/2.0b4/bsh-2.0b4.jar:/Users/pnrm/.m2/repository/com/beust/jcommander/1.27/jcommander-1.27.jar:/Users/pnrm/.m2/repository/org/yaml/snakeyaml/1.19/snakeyaml-1.19.jar:/Users/pnrm/.m2/repository/com/google/code/gson/gson/2.8.5/gson-2.8.5.jar:/Users/pnrm/.m2/repository/com/jayway/restassured/rest-assured/2.9.0/rest-assured-2.9.0.jar:/Users/pnrm/.m2/repository/org/codehaus/groovy/groovy/2.4.15/groovy-2.4.15.jar:/Users/pnrm/.m2/repository/org/codehaus/groovy/groovy-xml/2.4.15/groovy-xml-2.4.15.jar:/Users/pnrm/.m2/repository/org/apache/httpcomponents/httpclient/4.5.6/httpclient-4.5.6.jar:/Users/pnrm/.m2/repository/org/apache/httpcomponents/httpcore/4.4.10/httpcore-4.4.10.jar:/Users/pnrm/.m2/repository/commons-codec/commons-codec/1.11/commons-codec-1.11.jar:/Users/pnrm/.m2/repository/org/apache/httpcomponents/httpmime/4.5.6/httpmime-4.5.6.jar:/Users/pnrm/.m2/repository/org/ccil/cowan/tagsoup/tagsoup/1.2.1/tagsoup-1.2.1.jar:/Users/pnrm/.m2/repository/com/jayway/restassured/json-path/2.9.0/json-path-2.9.0.jar:/Users/pnrm/.m2/repository/org/codehaus/groovy/groovy-json/2.4.15/groovy-json-2.4.15.jar:/Users/pnrm/.m2/repository/com/jayway/restassured/rest-assured-common/2.9.0/rest-assured-common-2.9.0.jar:/Users/pnrm/.m2/repository/com/jayway/restassured/xml-path/2.9.0/xml-path-2.9.0.jar:/Users/pnrm/.m2/repository/org/apache/commons/commons-lang3/3.7/commons-lang3-3.7.jar:/Users/pnrm/.m2/repository/org/apache/maven/surefire/surefire-testng-utils/2.21.0/surefire-testng-utils-2.21.0.jar:/Users/pnrm/.m2/repository/org/apache/maven/surefire/surefire-grouper/2.21.0/surefire-grouper-2.21.0.jar:, user.name=pnrm, java.vm.specification.version=1.8, sun.java.command=/Users/pnrm/capcodigitalengineering/target/surefire/surefirebooter2267501658502004327.jar /Users/pnrm/capcodigitalengineering/target/surefire 2018-11-06T09-23-50_906-jvmRun1 surefire6312435147887469419tmp surefire_04666024078216783417tmp, java.home=/Library/Java/JavaVirtualMachines/jdk1.8.0_191.jdk/Contents/Home/jre, sun.arch.data.model=64, user.language=en, java.specification.vendor=Oracle Corporation, awt.toolkit=sun.lwawt.macosx.LWCToolkit, java.vm.info=mixed mode, java.version=1.8.0_191, java.ext.dirs=/Users/pnrm/Library/Java/Extensions:/Library/Java/JavaVirtualMachines/jdk1.8.0_191.jdk/Contents/Home/jre/lib/ext:/Library/Java/Extensions:/Network/Library/Java/Extensions:/System/Library/Java/Extensions:/usr/lib/java, sun.boot.class.path=/Library/Java/JavaVirtualMachines/jdk1.8.0_191.jdk/Contents/Home/jre/lib/resources.jar:/Library/Java/JavaVirtualMachines/jdk1.8.0_191.jdk/Contents/Home/jre/lib/rt.jar:/Library/Java/JavaVirtualMachines/jdk1.8.0_191.jdk/Contents/Home/jre/lib/sunrsasign.jar:/Library/Java/JavaVirtualMachines/jdk1.8.0_191.jdk/Contents/Home/jre/lib/jsse.jar:/Library/Java/JavaVirtualMachines/jdk1.8.0_191.jdk/Contents/Home/jre/lib/jce.jar:/Library/Java/JavaVirtualMachines/jdk1.8.0_191.jdk/Contents/Home/jre/lib/charsets.jar:/Library/Java/JavaVirtualMachines/jdk1.8.0_191.jdk/Contents/Home/jre/lib/jfr.jar:/Library/Java/JavaVirtualMachines/jdk1.8.0_191.jdk/Contents/Home/jre/classes, java.vendor=Oracle Corporation, localRepository=/Users/pnrm/.m2/repository, file.separator=/, java.vendor.url.bug=http://bugreport.sun.com/bugreport/, sun.io.unicode.encoding=UnicodeBig, sun.cpu.endian=little, socksNonProxyHosts=local|*.local|169.254/16|*.169.254/16, ftp.nonProxyHosts=local|*.local|169.254/16|*.169.254/16, sun.cpu.isalist=}}, SystemEnvironmentPropertySource@740467528 {name='systemEnvironment', properties={PATH=/usr/local/bin:/usr/bin:/bin:/usr/sbin:/sbin, JAVA_MAIN_CLASS_10794=org.apache.maven.surefire.booter.ForkedBooter, JAVA_HOME=/Library/Java/JavaVirtualMachines/jdk1.8.0_191.jdk/Contents/Home, TERM=xterm-256color, LANG=en_GB.UTF-8, LOGNAME=pnrm, XPC_SERVICE_NAME=0, PWD=/Users/pnrm/capcodigitalengineering, TERM_PROGRAM_VERSION=404, MAVEN_CMD_LINE_ARGS= package, _=/Library/Java/JavaVirtualMachines/jdk1.8.0_191.jdk/Contents/Home/jre/bin/java, JAVA_MAIN_CLASS_10781=org.codehaus.plexus.classworlds.launcher.Launcher, SHELL=/bin/bash, TERM_PROGRAM=Apple_Terminal, MAVEN_PROJECTBASEDIR=/Users/pnrm/capcodigitalengineering, OLDPWD=/Users/pnrm/capcodigitalengineering, USER=pnrm, TMPDIR=/var/folders/r7/swgcz_x57zvfv5_61cg2577n0z7jxl/T/, SSH_AUTH_SOCK=/private/tmp/com.apple.launchd.sk9XxGjnzT/Listeners, XPC_FLAGS=0x0, TERM_SESSION_ID=17D29490-9F97-4318-9626-F37BC68719EB, __CF_USER_TEXT_ENCODING=0x41F3C7B3:0x0:0x2, Apple_PubSub_Socket_Render=/private/tmp/com.apple.launchd.CfxIBueVVX/Render, HOME=/Users/pnrm, SHLVL=2}}]
09:23:53.435 [main] DEBUG org.springframework.test.context.support.TestPropertySourceUtils - Adding inlined properties to environment: {spring.jmx.enabled=false, org.springframework.boot.test.context.SpringBootTestContextBootstrapper=true, server.port=-1}
09:23:53.435 [main] DEBUG org.springframework.core.env.StandardEnvironment - Adding PropertySource 'Inlined Test Properties' with highest search precedence

  .   ____          _            __ _ _
 /\\ / ___'_ __ _ _(_)_ __  __ _ \ \ \ \
( ( )\___ | '_ | '_| | '_ \/ _` | \ \ \ \
 \\/  ___)| |_)| | | | | || (_| |  ) ) ) )
  '  |____| .__|_| |_|_| |_\__, | / / / /
 =========|_|==============|___/=/_/_/_/
 :: Spring Boot ::        (v2.0.5.RELEASE)

2018-11-06 09:23:53.679  INFO 10794 --- [           main] hello.GreetingControllerTests            : Starting GreetingControllerTests on UKLOC02VM108G8WN.local with PID 10794 (started by pnrm in /Users/pnrm/capcodigitalengineering)
2018-11-06 09:23:53.680  INFO 10794 --- [           main] hello.GreetingControllerTests            : No active profile set, falling back to default profiles: default
2018-11-06 09:23:53.707  INFO 10794 --- [           main] o.s.w.c.s.GenericWebApplicationContext   : Refreshing org.springframework.web.context.support.GenericWebApplicationContext@81ff872: startup date [Tue Nov 06 09:23:53 GMT 2018]; root of context hierarchy
2018-11-06 09:23:55.143  INFO 10794 --- [           main] org.mongodb.driver.cluster               : Cluster created with settings {hosts=[localhost:27017], mode=MULTIPLE, requiredClusterType=UNKNOWN, serverSelectionTimeout='30000 ms', maxWaitQueueSize=500}
2018-11-06 09:23:55.144  INFO 10794 --- [           main] org.mongodb.driver.cluster               : Adding discovered server localhost:27017 to client view of cluster
2018-11-06 09:23:55.211  INFO 10794 --- [localhost:27017] org.mongodb.driver.connection            : Opened connection [connectionId{localValue:1, serverValue:24}] to localhost:27017
2018-11-06 09:23:55.216  INFO 10794 --- [localhost:27017] org.mongodb.driver.cluster               : Monitor thread successfully connected to server with description ServerDescription{address=localhost:27017, type=STANDALONE, state=CONNECTED, ok=true, version=ServerVersion{versionList=[4, 0, 3]}, minWireVersion=0, maxWireVersion=7, maxDocumentSize=16777216, logicalSessionTimeoutMinutes=30, roundTripTimeNanos=2836900}
2018-11-06 09:23:55.217  INFO 10794 --- [localhost:27017] org.mongodb.driver.cluster               : Discovered cluster type of STANDALONE
2018-11-06 09:23:55.892  INFO 10794 --- [           main] s.w.s.m.m.a.RequestMappingHandlerMapping : Mapped "{[/custom],methods=[POST]}" onto public java.lang.String hello.CustomController.custom()
2018-11-06 09:23:55.893  INFO 10794 --- [           main] s.w.s.m.m.a.RequestMappingHandlerMapping : Mapped "{[/helloWorld]}" onto public hello.Greeting hello.GreetingController.greeting(java.lang.String)
2018-11-06 09:23:55.897  INFO 10794 --- [           main] s.w.s.m.m.a.RequestMappingHandlerMapping : Mapped "{[/swagger-resources/configuration/security]}" onto public org.springframework.http.ResponseEntity<springfox.documentation.swagger.web.SecurityConfiguration> springfox.documentation.swagger.web.ApiResourceController.securityConfiguration()
2018-11-06 09:23:55.898  INFO 10794 --- [           main] s.w.s.m.m.a.RequestMappingHandlerMapping : Mapped "{[/swagger-resources/configuration/ui]}" onto public org.springframework.http.ResponseEntity<springfox.documentation.swagger.web.UiConfiguration> springfox.documentation.swagger.web.ApiResourceController.uiConfiguration()
2018-11-06 09:23:55.898  INFO 10794 --- [           main] s.w.s.m.m.a.RequestMappingHandlerMapping : Mapped "{[/swagger-resources]}" onto public org.springframework.http.ResponseEntity<java.util.List<springfox.documentation.swagger.web.SwaggerResource>> springfox.documentation.swagger.web.ApiResourceController.swaggerResources()
2018-11-06 09:23:55.904  INFO 10794 --- [           main] s.w.s.m.m.a.RequestMappingHandlerMapping : Mapped "{[/error]}" onto public org.springframework.http.ResponseEntity<java.util.Map<java.lang.String, java.lang.Object>> org.springframework.boot.autoconfigure.web.servlet.error.BasicErrorController.error(javax.servlet.http.HttpServletRequest)
2018-11-06 09:23:55.905  INFO 10794 --- [           main] s.w.s.m.m.a.RequestMappingHandlerMapping : Mapped "{[/error],produces=[text/html]}" onto public org.springframework.web.servlet.ModelAndView org.springframework.boot.autoconfigure.web.servlet.error.BasicErrorController.errorHtml(javax.servlet.http.HttpServletRequest,javax.servlet.http.HttpServletResponse)
2018-11-06 09:23:56.060  INFO 10794 --- [           main] pertySourcedRequestMappingHandlerMapping : Mapped URL path [/v2/api-docs] onto method [public org.springframework.http.ResponseEntity<springfox.documentation.spring.web.json.Json> springfox.documentation.swagger2.web.Swagger2Controller.getDocumentation(java.lang.String,javax.servlet.http.HttpServletRequest)]
2018-11-06 09:23:56.261  INFO 10794 --- [           main] o.s.w.s.handler.SimpleUrlHandlerMapping  : Mapped URL path [/**/favicon.ico] onto handler of type [class org.springframework.web.servlet.resource.ResourceHttpRequestHandler]
2018-11-06 09:23:56.421  INFO 10794 --- [           main] s.w.s.m.m.a.RequestMappingHandlerAdapter : Looking for @ControllerAdvice: org.springframework.web.context.support.GenericWebApplicationContext@81ff872: startup date [Tue Nov 06 09:23:53 GMT 2018]; root of context hierarchy
2018-11-06 09:23:56.471  INFO 10794 --- [           main] o.s.w.s.handler.SimpleUrlHandlerMapping  : Mapped URL path [/webjars/**] onto handler of type [class org.springframework.web.servlet.resource.ResourceHttpRequestHandler]
2018-11-06 09:23:56.472  INFO 10794 --- [           main] o.s.w.s.handler.SimpleUrlHandlerMapping  : Mapped URL path [/**] onto handler of type [class org.springframework.web.servlet.resource.ResourceHttpRequestHandler]
2018-11-06 09:23:56.662  INFO 10794 --- [           main] o.s.b.t.m.w.SpringBootMockServletContext : Initializing Spring FrameworkServlet ''
2018-11-06 09:23:56.663  INFO 10794 --- [           main] o.s.t.web.servlet.TestDispatcherServlet  : FrameworkServlet '': initialization started
2018-11-06 09:23:56.675  INFO 10794 --- [           main] o.s.t.web.servlet.TestDispatcherServlet  : FrameworkServlet '': initialization completed in 12 ms
2018-11-06 09:23:56.714  INFO 10794 --- [           main] o.s.c.support.DefaultLifecycleProcessor  : Starting beans in phase 2147483647
2018-11-06 09:23:56.714  INFO 10794 --- [           main] d.s.w.p.DocumentationPluginsBootstrapper : Context refreshed
2018-11-06 09:23:56.743  INFO 10794 --- [           main] d.s.w.p.DocumentationPluginsBootstrapper : Found 1 custom documentation plugin(s)
2018-11-06 09:23:56.774  INFO 10794 --- [           main] s.d.s.w.s.ApiListingReferenceScanner     : Scanning for api listing references
2018-11-06 09:23:56.949  INFO 10794 --- [           main] hello.GreetingControllerTests            : Started GreetingControllerTests in 3.502 seconds (JVM running for 5.767)
2018-11-06 09:23:56.992  INFO 10794 --- [           main] org.mongodb.driver.connection            : Opened connection [connectionId{localValue:2, serverValue:25}] to localhost:27017
Customers found with findAll():
-------------------------------
Customer[id=5be15dad8e9c002a2a4cb09a, firstName='Alice', lastName='Smith']
Customer[id=5be15dad8e9c002a2a4cb09b, firstName='Bob', lastName='Smith']

Customer found with findByFirstName('Alice'):
--------------------------------
Customer[id=5be15dad8e9c002a2a4cb09a, firstName='Alice', lastName='Smith']
Customers found with findByLastName('Smith'):
--------------------------------
Customer[id=5be15dad8e9c002a2a4cb09a, firstName='Alice', lastName='Smith']
Customer[id=5be15dad8e9c002a2a4cb09b, firstName='Bob', lastName='Smith']

MockHttpServletRequest:
      HTTP Method = GET
      Request URI = /greeting
       Parameters = {}
          Headers = {}
             Body = null
    Session Attrs = {}

Handler:
             Type = org.springframework.web.servlet.resource.ResourceHttpRequestHandler

Async:
    Async started = false
     Async result = null

Resolved Exception:
             Type = null

ModelAndView:
        View name = null
             View = null
            Model = null

FlashMap:
       Attributes = null

MockHttpServletResponse:
           Status = 404
    Error message = null
          Headers = {}
     Content type = null
             Body = 
    Forwarded URL = null
   Redirected URL = null
          Cookies = []

MockHttpServletRequest:
      HTTP Method = GET
      Request URI = /greeting
       Parameters = {}
          Headers = {}
             Body = null
    Session Attrs = {}

Handler:
             Type = org.springframework.web.servlet.resource.ResourceHttpRequestHandler

Async:
    Async started = false
     Async result = null

Resolved Exception:
             Type = null

ModelAndView:
        View name = null
             View = null
            Model = null

FlashMap:
       Attributes = null

MockHttpServletResponse:
           Status = 404
    Error message = null
          Headers = {}
     Content type = null
             Body = 
    Forwarded URL = null
   Redirected URL = null
          Cookies = []
]]></system-out>
  </testcase>
  <testcase name="paramGreetingShouldReturnTailoredMessage on paramGreetingShouldReturnTailoredMessage(hello.GreetingControllerTests)" classname="hello.GreetingControllerTests" time="0.011">
    <failure message="Status expected:&lt;200&gt; but was:&lt;404&gt;" type="java.lang.AssertionError"><![CDATA[java.lang.AssertionError: Status expected:<200> but was:<404>
	at hello.GreetingControllerTests.paramGreetingShouldReturnTailoredMessage(GreetingControllerTests.java:50)
]]></failure>
    <system-out><![CDATA[
MockHttpServletRequest:
      HTTP Method = GET
      Request URI = /greeting
       Parameters = {name=[Spring Community]}
          Headers = {}
             Body = null
    Session Attrs = {}

Handler:
             Type = org.springframework.web.servlet.resource.ResourceHttpRequestHandler

Async:
    Async started = false
     Async result = null

Resolved Exception:
             Type = null

ModelAndView:
        View name = null
             View = null
            Model = null

FlashMap:
       Attributes = null

MockHttpServletResponse:
           Status = 404
    Error message = null
          Headers = {}
     Content type = null
             Body = 
    Forwarded URL = null
   Redirected URL = null
          Cookies = []

MockHttpServletRequest:
      HTTP Method = GET
      Request URI = /greeting
       Parameters = {}
          Headers = {}
             Body = null
    Session Attrs = {}

Handler:
             Type = org.springframework.web.servlet.resource.ResourceHttpRequestHandler

Async:
    Async started = false
     Async result = null

Resolved Exception:
             Type = null

ModelAndView:
        View name = null
             View = null
            Model = null

FlashMap:
       Attributes = null

MockHttpServletResponse:
           Status = 404
    Error message = null
          Headers = {}
     Content type = null
             Body = 
    Forwarded URL = null
   Redirected URL = null
          Cookies = []

MockHttpServletRequest:
      HTTP Method = GET
      Request URI = /greeting
       Parameters = {name=[Spring Community]}
          Headers = {}
             Body = null
    Session Attrs = {}

Handler:
             Type = org.springframework.web.servlet.resource.ResourceHttpRequestHandler

Async:
    Async started = false
     Async result = null

Resolved Exception:
             Type = null

ModelAndView:
        View name = null
             View = null
            Model = null

FlashMap:
       Attributes = null

MockHttpServletResponse:
           Status = 404
    Error message = null
          Headers = {}
     Content type = null
             Body = 
    Forwarded URL = null
   Redirected URL = null
          Cookies = []
]]></system-out>
  </testcase>
</testsuite>