-------------------------------------------------------------------------------
Test set: TestSuite
-------------------------------------------------------------------------------
Tests run: 4, Failures: 3, Errors: 0, Skipped: 0, Time elapsed: 5.842 s <<< FAILURE! - in TestSuite
testStatus(hello.IntegrationTests)  Time elapsed: 1.213 s  <<< FAILURE!
java.net.ConnectException: Connection refused (Connection refused)
	at hello.IntegrationTests.testStatus(IntegrationTests.java:19)

noParamGreetingShouldReturnDefaultMessage on noParamGreetingShouldReturnDefaultMessage(hello.GreetingControllerTests)(hello.GreetingControllerTests)  Time elapsed: 0.14 s  <<< FAILURE!
java.lang.AssertionError: Status expected:<200> but was:<404>
	at hello.GreetingControllerTests.noParamGreetingShouldReturnDefaultMessage(GreetingControllerTests.java:42)

paramGreetingShouldReturnTailoredMessage on paramGreetingShouldReturnTailoredMessage(hello.GreetingControllerTests)(hello.GreetingControllerTests)  Time elapsed: 0.011 s  <<< FAILURE!
java.lang.AssertionError: Status expected:<200> but was:<404>
	at hello.GreetingControllerTests.paramGreetingShouldReturnTailoredMessage(GreetingControllerTests.java:50)

