<?xml version="1.0" encoding="UTF-8"?>
<testng-results skipped="0" failed="0" total="1" passed="1">
  <reporter-output>
  </reporter-output>
  <suite name="Default suite" duration-ms="1179" started-at="2018-11-05T14:00:55Z" finished-at="2018-11-05T14:00:56Z">
    <groups>
    </groups>
    <test name="Default test" duration-ms="1179" started-at="2018-11-05T14:00:55Z" finished-at="2018-11-05T14:00:56Z">
      <class name="hello.IntegrationTests">
        <test-method status="PASS" signature="testStatus()[pri:0, instance:hello.IntegrationTests@f6c48ac]" name="testStatus" duration-ms="1168" started-at="2018-11-05T14:00:55Z" finished-at="2018-11-05T14:00:56Z">
          <reporter-output>
          </reporter-output>
        </test-method> <!-- testStatus -->
      </class> <!-- hello.IntegrationTests -->
    </test> <!-- Default test -->
  </suite> <!-- Default suite -->
</testng-results>
